<?xml version="1.0" encoding="UTF-8"?>
<!-- Generated by org.testng.reporters.JUnitXMLReporter -->
<testsuite ignored="0" hostname="EG-8HGFP04" failures="0" tests="3" name="Surefire test" time="30.486" errors="0" timestamp="2026-04-08T00:14:53 EET">
  <testcase classname="tests.LoginTests" name="testLogin" time="3.45"/>
  <testcase classname="tests.LoginTests" name="testLogin" time="1.917"/>
  <testcase classname="tests.RegistrationTests" name="registrationWithoutErrors" time="4.355"/>
</testsuite> <!-- Surefire test -->
