<?xml version="1.0" encoding="UTF-8"?>
<testng-results ignored="0" total="16" passed="16" failed="0" skipped="0">
  <reporter-output>
  </reporter-output>
  <suite started-at="2026-05-01T05:30:47 EEST" name="Surefire suite" finished-at="2026-05-01T05:33:35 EEST" duration-ms="168720">
    <groups>
    </groups>
    <test started-at="2026-05-01T05:30:47 EEST" name="Surefire test" finished-at="2026-05-01T05:33:35 EEST" duration-ms="168720">
      <class name="tests.ShoppingCartTests">
        <test-method is-config="true" signature="setup()[pri:0, instance:tests.ShoppingCartTests@5fd4f8f5]" started-at="2026-05-01T05:30:57 EEST" name="setup" finished-at="2026-05-01T05:31:01 EEST" duration-ms="4257" status="PASS">
          <reporter-output>
          </reporter-output>
        </test-method> <!-- setup -->
        <test-method signature="shoppingCartTest(java.lang.String,java.lang.String,java.lang.String,java.lang.String,java.lang.String,java.lang.String,java.lang.String)[pri:0, instance:tests.ShoppingCartTests@5fd4f8f5]" started-at="2026-05-01T05:31:01 EEST" name="shoppingCartTest" data-provider="ShoppingCartData" finished-at="2026-05-01T05:31:13 EEST" duration-ms="12188" status="PASS">
          <params>
            <param index="0">
              <value>
                <![CDATA[shazawagdy@test.com]]>
              </value>
            </param>
            <param index="1">
              <value>
                <![CDATA[1234]]>
              </value>
            </param>
            <param index="2">
              <value>
                <![CDATA[Tablets]]>
              </value>
            </param>
            <param index="3">
              <value>
                <![CDATA[Samsung Galaxy Tab 10.1]]>
              </value>
            </param>
            <param index="4">
              <value>
                <![CDATA[Laptops & Notebooks]]>
              </value>
            </param>
            <param index="5">
              <value>
                <![CDATA[HP LP3065]]>
              </value>
            </param>
            <param index="6">
              <value>
                <![CDATA[2025-12-25]]>
              </value>
            </param>
          </params>
          <reporter-output>
          </reporter-output>
        </test-method> <!-- shoppingCartTest -->
        <test-method is-config="true" signature="teardown()[pri:0, instance:tests.ShoppingCartTests@5fd4f8f5]" started-at="2026-05-01T05:31:13 EEST" name="teardown" finished-at="2026-05-01T05:31:13 EEST" duration-ms="86" status="PASS">
          <reporter-output>
          </reporter-output>
        </test-method> <!-- teardown -->
      </class> <!-- tests.ShoppingCartTests -->
      <class name="tests.LoginTests">
        <test-method is-config="true" signature="setup()[pri:0, instance:tests.LoginTests@2f8dad04]" started-at="2026-05-01T05:32:48 EEST" name="setup" finished-at="2026-05-01T05:32:51 EEST" duration-ms="2358" status="PASS">
          <reporter-output>
          </reporter-output>
        </test-method> <!-- setup -->
        <test-method signature="testLogin(java.lang.String,java.lang.String,java.lang.String)[pri:0, instance:tests.LoginTests@2f8dad04]" started-at="2026-05-01T05:32:51 EEST" name="testLogin" data-provider="loginData" finished-at="2026-05-01T05:32:55 EEST" duration-ms="4616" status="PASS">
          <params>
            <param index="0">
              <value>
                <![CDATA[zozoo@test.com]]>
              </value>
            </param>
            <param index="1">
              <value>
                <![CDATA[1234]]>
              </value>
            </param>
            <param index="2">
              <value>
                <![CDATA[valid]]>
              </value>
            </param>
          </params>
          <reporter-output>
          </reporter-output>
        </test-method> <!-- testLogin -->
        <test-method is-config="true" signature="teardown()[pri:0, instance:tests.LoginTests@2f8dad04]" started-at="2026-05-01T05:32:55 EEST" name="teardown" finished-at="2026-05-01T05:32:56 EEST" duration-ms="83" status="PASS">
          <reporter-output>
          </reporter-output>
        </test-method> <!-- teardown -->
        <test-method is-config="true" signature="setup()[pri:0, instance:tests.LoginTests@2f8dad04]" started-at="2026-05-01T05:32:56 EEST" name="setup" finished-at="2026-05-01T05:32:59 EEST" duration-ms="3710" status="PASS">
          <reporter-output>
          </reporter-output>
        </test-method> <!-- setup -->
        <test-method signature="testLogin(java.lang.String,java.lang.String,java.lang.String)[pri:0, instance:tests.LoginTests@2f8dad04]" started-at="2026-05-01T05:32:59 EEST" name="testLogin" data-provider="loginData" finished-at="2026-05-01T05:33:01 EEST" duration-ms="2152" status="PASS">
          <params>
            <param index="0">
              <value>
                <![CDATA[wrong@email.com]]>
              </value>
            </param>
            <param index="1">
              <value>
                <![CDATA[wrongpass]]>
              </value>
            </param>
            <param index="2">
              <value>
                <![CDATA[invalid]]>
              </value>
            </param>
          </params>
          <reporter-output>
          </reporter-output>
        </test-method> <!-- testLogin -->
        <test-method is-config="true" signature="teardown()[pri:0, instance:tests.LoginTests@2f8dad04]" started-at="2026-05-01T05:33:01 EEST" name="teardown" finished-at="2026-05-01T05:33:02 EEST" duration-ms="89" status="PASS">
          <reporter-output>
          </reporter-output>
        </test-method> <!-- teardown -->
        <test-method is-config="true" signature="setup()[pri:0, instance:tests.LoginTests@2f8dad04]" started-at="2026-05-01T05:33:02 EEST" name="setup" finished-at="2026-05-01T05:33:05 EEST" duration-ms="3793" status="PASS">
          <reporter-output>
          </reporter-output>
        </test-method> <!-- setup -->
        <test-method signature="testLogin(java.lang.String,java.lang.String,java.lang.String)[pri:0, instance:tests.LoginTests@2f8dad04]" started-at="2026-05-01T05:33:05 EEST" name="testLogin" data-provider="loginData" finished-at="2026-05-01T05:33:08 EEST" duration-ms="2272" status="PASS">
          <params>
            <param index="0">
              <value>
                <![CDATA[zozoo@test.com]]>
              </value>
            </param>
            <param index="1">
              <value>
                <![CDATA[12345]]>
              </value>
            </param>
            <param index="2">
              <value>
                <![CDATA[invalid]]>
              </value>
            </param>
          </params>
          <reporter-output>
          </reporter-output>
        </test-method> <!-- testLogin -->
        <test-method is-config="true" signature="teardown()[pri:0, instance:tests.LoginTests@2f8dad04]" started-at="2026-05-01T05:33:08 EEST" name="teardown" finished-at="2026-05-01T05:33:08 EEST" duration-ms="85" status="PASS">
          <reporter-output>
          </reporter-output>
        </test-method> <!-- teardown -->
        <test-method is-config="true" signature="setup()[pri:0, instance:tests.LoginTests@2f8dad04]" started-at="2026-05-01T05:33:08 EEST" name="setup" finished-at="2026-05-01T05:33:12 EEST" duration-ms="4004" status="PASS">
          <reporter-output>
          </reporter-output>
        </test-method> <!-- setup -->
        <test-method signature="testLogin(java.lang.String,java.lang.String,java.lang.String)[pri:0, instance:tests.LoginTests@2f8dad04]" started-at="2026-05-01T05:33:12 EEST" name="testLogin" data-provider="loginData" finished-at="2026-05-01T05:33:14 EEST" duration-ms="2502" status="PASS">
          <params>
            <param index="0">
              <value>
                <![CDATA[shazawagdyy@gmail.com]]>
              </value>
            </param>
            <param index="1">
              <value>
                <![CDATA[1234]]>
              </value>
            </param>
            <param index="2">
              <value>
                <![CDATA[valid]]>
              </value>
            </param>
          </params>
          <reporter-output>
          </reporter-output>
        </test-method> <!-- testLogin -->
        <test-method is-config="true" signature="teardown()[pri:0, instance:tests.LoginTests@2f8dad04]" started-at="2026-05-01T05:33:14 EEST" name="teardown" finished-at="2026-05-01T05:33:14 EEST" duration-ms="88" status="PASS">
          <reporter-output>
          </reporter-output>
        </test-method> <!-- teardown -->
      </class> <!-- tests.LoginTests -->
      <class name="tests.RegistrationTests">
        <test-method is-config="true" signature="setup()[pri:0, instance:tests.RegistrationTests@29e495ff]" started-at="2026-05-01T05:33:14 EEST" name="setup" finished-at="2026-05-01T05:33:18 EEST" duration-ms="4125" status="PASS">
          <reporter-output>
          </reporter-output>
        </test-method> <!-- setup -->
        <test-method signature="registrationTest(java.lang.String,java.lang.String,java.lang.String,java.lang.String,java.lang.String,java.lang.String)[pri:0, instance:tests.RegistrationTests@29e495ff]" started-at="2026-05-01T05:33:18 EEST" name="registrationTest" data-provider="RegisterData" finished-at="2026-05-01T05:33:23 EEST" duration-ms="4274" status="PASS">
          <params>
            <param index="0">
              <value>
                <![CDATA[Shaza]]>
              </value>
            </param>
            <param index="1">
              <value>
                <![CDATA[Ahmed]]>
              </value>
            </param>
            <param index="2">
              <value>
                <![CDATA[shaza]]>
              </value>
            </param>
            <param index="3">
              <value>
                <![CDATA[1234567890]]>
              </value>
            </param>
            <param index="4">
              <value>
                <![CDATA[12345]]>
              </value>
            </param>
            <param index="5">
              <value>
                <![CDATA[]]>
              </value>
            </param>
          </params>
          <reporter-output>
          </reporter-output>
        </test-method> <!-- registrationTest -->
        <test-method is-config="true" signature="teardown()[pri:0, instance:tests.RegistrationTests@29e495ff]" started-at="2026-05-01T05:33:23 EEST" name="teardown" finished-at="2026-05-01T05:33:23 EEST" duration-ms="84" status="PASS">
          <reporter-output>
          </reporter-output>
        </test-method> <!-- teardown -->
        <test-method is-config="true" signature="setup()[pri:0, instance:tests.RegistrationTests@29e495ff]" started-at="2026-05-01T05:33:23 EEST" name="setup" finished-at="2026-05-01T05:33:25 EEST" duration-ms="2699" status="PASS">
          <reporter-output>
          </reporter-output>
        </test-method> <!-- setup -->
        <test-method signature="registrationTest(java.lang.String,java.lang.String,java.lang.String,java.lang.String,java.lang.String,java.lang.String)[pri:0, instance:tests.RegistrationTests@29e495ff]" started-at="2026-05-01T05:33:25 EEST" name="registrationTest" data-provider="RegisterData" finished-at="2026-05-01T05:33:29 EEST" duration-ms="3477" status="PASS">
          <params>
            <param index="0">
              <value>
                <![CDATA[Aisha]]>
              </value>
            </param>
            <param index="1">
              <value>
                <![CDATA[Ashour]]>
              </value>
            </param>
            <param index="2">
              <value>
                <![CDATA[aisha]]>
              </value>
            </param>
            <param index="3">
              <value>
                <![CDATA[1234567890]]>
              </value>
            </param>
            <param index="4">
              <value>
                <![CDATA[12]]>
              </value>
            </param>
            <param index="5">
              <value>
                <![CDATA[Password must be between 4 and 20 characters!]]>
              </value>
            </param>
          </params>
          <reporter-output>
          </reporter-output>
        </test-method> <!-- registrationTest -->
        <test-method is-config="true" signature="teardown()[pri:0, instance:tests.RegistrationTests@29e495ff]" started-at="2026-05-01T05:33:29 EEST" name="teardown" finished-at="2026-05-01T05:33:29 EEST" duration-ms="84" status="PASS">
          <reporter-output>
          </reporter-output>
        </test-method> <!-- teardown -->
        <test-method is-config="true" signature="setup()[pri:0, instance:tests.RegistrationTests@29e495ff]" started-at="2026-05-01T05:33:29 EEST" name="setup" finished-at="2026-05-01T05:33:33 EEST" duration-ms="3778" status="PASS">
          <reporter-output>
          </reporter-output>
        </test-method> <!-- setup -->
        <test-method signature="registrationTest(java.lang.String,java.lang.String,java.lang.String,java.lang.String,java.lang.String,java.lang.String)[pri:0, instance:tests.RegistrationTests@29e495ff]" started-at="2026-05-01T05:33:33 EEST" name="registrationTest" data-provider="RegisterData" finished-at="2026-05-01T05:33:35 EEST" duration-ms="2384" status="PASS">
          <params>
            <param index="0">
              <value>
                <![CDATA[Rania]]>
              </value>
            </param>
            <param index="1">
              <value>
                <![CDATA[Rafat]]>
              </value>
            </param>
            <param index="2">
              <value>
                <![CDATA[rania]]>
              </value>
            </param>
            <param index="3">
              <value>
                <![CDATA[1234567890]]>
              </value>
            </param>
            <param index="4">
              <value>
                <![CDATA[]]>
              </value>
            </param>
            <param index="5">
              <value>
                <![CDATA[Password must be between 4 and 20 characters!]]>
              </value>
            </param>
          </params>
          <reporter-output>
          </reporter-output>
        </test-method> <!-- registrationTest -->
        <test-method is-config="true" signature="teardown()[pri:0, instance:tests.RegistrationTests@29e495ff]" started-at="2026-05-01T05:33:35 EEST" name="teardown" finished-at="2026-05-01T05:33:35 EEST" duration-ms="84" status="PASS">
          <reporter-output>
          </reporter-output>
        </test-method> <!-- teardown -->
      </class> <!-- tests.RegistrationTests -->
      <class name="tests.SortingTests">
        <test-method is-config="true" signature="setup()[pri:0, instance:tests.SortingTests@53976f5c]" started-at="2026-05-01T05:31:53 EEST" name="setup" finished-at="2026-05-01T05:31:58 EEST" duration-ms="4315" status="PASS">
          <reporter-output>
          </reporter-output>
        </test-method> <!-- setup -->
        <test-method signature="sortProductsTest(java.lang.String,java.lang.String,java.lang.String,java.lang.String)[pri:0, instance:tests.SortingTests@53976f5c]" started-at="2026-05-01T05:31:58 EEST" name="sortProductsTest" data-provider="SortingData" finished-at="2026-05-01T05:32:02 EEST" duration-ms="4729" status="PASS">
          <params>
            <param index="0">
              <value>
                <![CDATA[shazawagdyy@gmail.com]]>
              </value>
            </param>
            <param index="1">
              <value>
                <![CDATA[1234]]>
              </value>
            </param>
            <param index="2">
              <value>
                <![CDATA[Phones & PDAs]]>
              </value>
            </param>
            <param index="3">
              <value>
                <![CDATA[Name (A - Z)]]>
              </value>
            </param>
          </params>
          <reporter-output>
          </reporter-output>
        </test-method> <!-- sortProductsTest -->
        <test-method is-config="true" signature="teardown()[pri:0, instance:tests.SortingTests@53976f5c]" started-at="2026-05-01T05:32:02 EEST" name="teardown" finished-at="2026-05-01T05:32:03 EEST" duration-ms="81" status="PASS">
          <reporter-output>
          </reporter-output>
        </test-method> <!-- teardown -->
        <test-method is-config="true" signature="setup()[pri:0, instance:tests.SortingTests@53976f5c]" started-at="2026-05-01T05:32:03 EEST" name="setup" finished-at="2026-05-01T05:32:07 EEST" duration-ms="4079" status="PASS">
          <reporter-output>
          </reporter-output>
        </test-method> <!-- setup -->
        <test-method signature="sortProductsTest(java.lang.String,java.lang.String,java.lang.String,java.lang.String)[pri:0, instance:tests.SortingTests@53976f5c]" started-at="2026-05-01T05:32:07 EEST" name="sortProductsTest" data-provider="SortingData" finished-at="2026-05-01T05:32:12 EEST" duration-ms="4869" status="PASS">
          <params>
            <param index="0">
              <value>
                <![CDATA[shazawagdyy@gmail.com]]>
              </value>
            </param>
            <param index="1">
              <value>
                <![CDATA[1234]]>
              </value>
            </param>
            <param index="2">
              <value>
                <![CDATA[Phones & PDAs]]>
              </value>
            </param>
            <param index="3">
              <value>
                <![CDATA[Name (Z - A)]]>
              </value>
            </param>
          </params>
          <reporter-output>
          </reporter-output>
        </test-method> <!-- sortProductsTest -->
        <test-method is-config="true" signature="teardown()[pri:0, instance:tests.SortingTests@53976f5c]" started-at="2026-05-01T05:32:12 EEST" name="teardown" finished-at="2026-05-01T05:32:12 EEST" duration-ms="83" status="PASS">
          <reporter-output>
          </reporter-output>
        </test-method> <!-- teardown -->
      </class> <!-- tests.SortingTests -->
      <class name="tests.SearchTests">
        <test-method is-config="true" signature="setup()[pri:0, instance:tests.SearchTests@4e7912d8]" started-at="2026-05-01T05:31:24 EEST" name="setup" finished-at="2026-05-01T05:31:26 EEST" duration-ms="2384" status="PASS">
          <reporter-output>
          </reporter-output>
        </test-method> <!-- setup -->
        <test-method signature="searchInSubcategoriesTest(java.lang.String,java.lang.String,java.lang.String,java.lang.String,java.lang.String,java.lang.String)[pri:0, instance:tests.SearchTests@4e7912d8]" started-at="2026-05-01T05:31:26 EEST" name="searchInSubcategoriesTest" data-provider="SearchSubcategoryData" finished-at="2026-05-01T05:31:34 EEST" duration-ms="8177" status="PASS">
          <params>
            <param index="0">
              <value>
                <![CDATA[shazawagdyy@gmail.com]]>
              </value>
            </param>
            <param index="1">
              <value>
                <![CDATA[1234]]>
              </value>
            </param>
            <param index="2">
              <value>
                <![CDATA[Apple]]>
              </value>
            </param>
            <param index="3">
              <value>
                <![CDATA[Components]]>
              </value>
            </param>
            <param index="4">
              <value>
                <![CDATA[There is no product that matches the search criteria.]]>
              </value>
            </param>
            <param index="5">
              <value>
                <![CDATA[Apple Cinema 30"]]>
              </value>
            </param>
          </params>
          <reporter-output>
          </reporter-output>
        </test-method> <!-- searchInSubcategoriesTest -->
        <test-method is-config="true" signature="teardown()[pri:0, instance:tests.SearchTests@4e7912d8]" started-at="2026-05-01T05:31:34 EEST" name="teardown" finished-at="2026-05-01T05:31:35 EEST" duration-ms="87" status="PASS">
          <reporter-output>
          </reporter-output>
        </test-method> <!-- teardown -->
        <test-method is-config="true" signature="setup()[pri:0, instance:tests.SearchTests@4e7912d8]" started-at="2026-05-01T05:31:35 EEST" name="setup" finished-at="2026-05-01T05:31:39 EEST" duration-ms="4342" status="PASS">
          <reporter-output>
          </reporter-output>
        </test-method> <!-- setup -->
        <test-method signature="searchTest(java.lang.String,java.lang.String,java.lang.String)[pri:0, instance:tests.SearchTests@4e7912d8]" started-at="2026-05-01T05:31:39 EEST" name="searchTest" data-provider="SearchData" finished-at="2026-05-01T05:31:45 EEST" duration-ms="6416" status="PASS">
          <params>
            <param index="0">
              <value>
                <![CDATA[shazawagdyy@gmail.com]]>
              </value>
            </param>
            <param index="1">
              <value>
                <![CDATA[1234]]>
              </value>
            </param>
            <param index="2">
              <value>
                <![CDATA[Mac]]>
              </value>
            </param>
          </params>
          <reporter-output>
          </reporter-output>
        </test-method> <!-- searchTest -->
        <test-method is-config="true" signature="teardown()[pri:0, instance:tests.SearchTests@4e7912d8]" started-at="2026-05-01T05:31:45 EEST" name="teardown" finished-at="2026-05-01T05:31:45 EEST" duration-ms="87" status="PASS">
          <reporter-output>
          </reporter-output>
        </test-method> <!-- teardown -->
        <test-method is-config="true" signature="setup()[pri:0, instance:tests.SearchTests@4e7912d8]" started-at="2026-05-01T05:31:45 EEST" name="setup" finished-at="2026-05-01T05:31:49 EEST" duration-ms="3686" status="PASS">
          <reporter-output>
          </reporter-output>
        </test-method> <!-- setup -->
        <test-method signature="searchTest(java.lang.String,java.lang.String,java.lang.String)[pri:0, instance:tests.SearchTests@4e7912d8]" started-at="2026-05-01T05:31:49 EEST" name="searchTest" data-provider="SearchData" finished-at="2026-05-01T05:31:53 EEST" duration-ms="4261" status="PASS">
          <params>
            <param index="0">
              <value>
                <![CDATA[shazawagdyy@gmail.com]]>
              </value>
            </param>
            <param index="1">
              <value>
                <![CDATA[1234]]>
              </value>
            </param>
            <param index="2">
              <value>
                <![CDATA[Apple]]>
              </value>
            </param>
          </params>
          <reporter-output>
          </reporter-output>
        </test-method> <!-- searchTest -->
        <test-method is-config="true" signature="teardown()[pri:0, instance:tests.SearchTests@4e7912d8]" started-at="2026-05-01T05:31:53 EEST" name="teardown" finished-at="2026-05-01T05:31:53 EEST" duration-ms="85" status="PASS">
          <reporter-output>
          </reporter-output>
        </test-method> <!-- teardown -->
      </class> <!-- tests.SearchTests -->
      <class name="tests.CurrencyTests">
        <test-method is-config="true" signature="setup()[pri:0, instance:tests.CurrencyTests@696da30b]" started-at="2026-05-01T05:31:13 EEST" name="setup" finished-at="2026-05-01T05:31:17 EEST" duration-ms="3954" status="PASS">
          <reporter-output>
          </reporter-output>
        </test-method> <!-- setup -->
        <test-method signature="testLogin(java.lang.String,java.lang.String)[pri:0, instance:tests.CurrencyTests@696da30b]" started-at="2026-05-01T05:31:17 EEST" name="testLogin" data-provider="validUser" finished-at="2026-05-01T05:31:24 EEST" duration-ms="6450" status="PASS">
          <params>
            <param index="0">
              <value>
                <![CDATA[shazawagdyy@gmail.com]]>
              </value>
            </param>
            <param index="1">
              <value>
                <![CDATA[1234]]>
              </value>
            </param>
          </params>
          <reporter-output>
          </reporter-output>
        </test-method> <!-- testLogin -->
        <test-method is-config="true" signature="teardown()[pri:0, instance:tests.CurrencyTests@696da30b]" started-at="2026-05-01T05:31:24 EEST" name="teardown" finished-at="2026-05-01T05:31:24 EEST" duration-ms="86" status="PASS">
          <reporter-output>
          </reporter-output>
        </test-method> <!-- teardown -->
      </class> <!-- tests.CurrencyTests -->
      <class name="tests.CheckoutTests">
        <test-method is-config="true" signature="setup()[pri:0, instance:tests.CheckoutTests@2bfc268b]" started-at="2026-05-01T05:32:12 EEST" name="setup" finished-at="2026-05-01T05:32:16 EEST" duration-ms="4179" status="PASS">
          <reporter-output>
          </reporter-output>
        </test-method> <!-- setup -->
        <test-method signature="normalCheckoutProcessTest(java.lang.String,java.lang.String,java.lang.String,java.lang.String,java.lang.String,java.lang.String,java.lang.String,java.lang.String,java.lang.String,java.lang.String,java.lang.String)[pri:0, instance:tests.CheckoutTests@2bfc268b]" started-at="2026-05-01T05:32:16 EEST" name="normalCheckoutProcessTest" data-provider="CheckoutData" finished-at="2026-05-01T05:32:38 EEST" duration-ms="22141" status="PASS">
          <params>
            <param index="0">
              <value>
                <![CDATA[zozoo@test.com]]>
              </value>
            </param>
            <param index="1">
              <value>
                <![CDATA[1234]]>
              </value>
            </param>
            <param index="2">
              <value>
                <![CDATA[Desktops]]>
              </value>
            </param>
            <param index="3">
              <value>
                <![CDATA[HP LP3065]]>
              </value>
            </param>
            <param index="4">
              <value>
                <![CDATA[Jane]]>
              </value>
            </param>
            <param index="5">
              <value>
                <![CDATA[Smith]]>
              </value>
            </param>
            <param index="6">
              <value>
                <![CDATA[Alexandria]]>
              </value>
            </param>
            <param index="7">
              <value>
                <![CDATA[Alexandria]]>
              </value>
            </param>
            <param index="8">
              <value>
                <![CDATA[Egypt]]>
              </value>
            </param>
            <param index="9">
              <value>
                <![CDATA[Dumyat]]>
              </value>
            </param>
            <param index="10">
              <value>
                <![CDATA[Test order 2]]>
              </value>
            </param>
          </params>
          <reporter-output>
          </reporter-output>
        </test-method> <!-- normalCheckoutProcessTest -->
        <test-method is-config="true" signature="teardown()[pri:0, instance:tests.CheckoutTests@2bfc268b]" started-at="2026-05-01T05:32:38 EEST" name="teardown" finished-at="2026-05-01T05:32:48 EEST" duration-ms="10584" status="PASS">
          <reporter-output>
          </reporter-output>
        </test-method> <!-- teardown -->
      </class> <!-- tests.CheckoutTests -->
      <class name="tests.ProductTests">
        <test-method is-config="true" signature="setup()[pri:0, instance:tests.ProductTests@40cb8df7]" started-at="2026-05-01T05:30:47 EEST" name="setup" finished-at="2026-05-01T05:30:51 EEST" duration-ms="4784" status="PASS">
          <reporter-output>
          </reporter-output>
        </test-method> <!-- setup -->
        <test-method signature="testLogin(java.lang.String,java.lang.String)[pri:0, instance:tests.ProductTests@40cb8df7]" started-at="2026-05-01T05:30:51 EEST" name="testLogin" data-provider="validUser" finished-at="2026-05-01T05:30:57 EEST" duration-ms="5357" status="PASS">
          <params>
            <param index="0">
              <value>
                <![CDATA[shazawagdyy@gmail.com]]>
              </value>
            </param>
            <param index="1">
              <value>
                <![CDATA[1234]]>
              </value>
            </param>
          </params>
          <reporter-output>
          </reporter-output>
        </test-method> <!-- testLogin -->
        <test-method is-config="true" signature="teardown()[pri:0, instance:tests.ProductTests@40cb8df7]" started-at="2026-05-01T05:30:57 EEST" name="teardown" finished-at="2026-05-01T05:30:57 EEST" duration-ms="90" status="PASS">
          <reporter-output>
          </reporter-output>
        </test-method> <!-- teardown -->
      </class> <!-- tests.ProductTests -->
    </test> <!-- Surefire test -->
  </suite> <!-- Surefire suite -->
</testng-results>
