<?xml version="1.0" encoding="UTF-8"?>
<!-- Generated by org.testng.reporters.JUnitReportReporter -->
<testsuite hostname="Shazas-MacBook-Air.local" failures="0" tests="3" name="tests.SearchTests" time="22.533" errors="0" timestamp="2026-05-07T19:51:19 EEST" skipped="0">
  <testcase classname="tests.SearchTests" name="searchTest" time="6.910"/>
  <testcase classname="tests.SearchTests" name="searchTest" time="7.645"/>
  <testcase classname="tests.SearchTests" name="searchInSubcategoriesTest" time="7.978"/>
</testsuite> <!-- tests.SearchTests -->
