<?xml version="1.0" encoding="UTF-8"?>
<!-- Generated by org.testng.reporters.JUnitReportReporter -->
<testsuite hostname="Shazas-MacBook-Air.local" failures="0" tests="3" name="tests.RegistrationTests" time="22.002" errors="0" timestamp="2026-05-01T12:48:32 EEST" skipped="0">
  <testcase classname="tests.RegistrationTests" name="registrationTest" time="7.670"/>
  <testcase classname="tests.RegistrationTests" name="registrationTest" time="7.478"/>
  <testcase classname="tests.RegistrationTests" name="registrationTest" time="6.854"/>
</testsuite> <!-- tests.RegistrationTests -->
