<?xml version="1.0" encoding="UTF-8"?>
<!-- Generated by org.testng.reporters.JUnitReportReporter -->
<testsuite hostname="Shazas-MacBook-Air.local" failures="0" tests="4" name="tests.LoginTests" time="26.905" errors="0" timestamp="2026-05-07T19:51:19 EEST" skipped="0">
  <testcase classname="tests.LoginTests" name="testLogin" time="7.162"/>
  <testcase classname="tests.LoginTests" name="testLogin" time="6.436"/>
  <testcase classname="tests.LoginTests" name="testLogin" time="6.931"/>
  <testcase classname="tests.LoginTests" name="testLogin" time="6.376"/>
</testsuite> <!-- tests.LoginTests -->
