<?xml version="1.0" encoding="UTF-8"?>
<!-- Generated by org.testng.reporters.JUnitReportReporter -->
<testsuite hostname="Shazas-MacBook-Air.local" failures="0" tests="4" name="tests.LoginTests" time="38.594" errors="0" timestamp="2026-05-01T12:48:32 EEST" skipped="0">
  <testcase classname="tests.LoginTests" name="testLogin" time="7.836"/>
  <testcase classname="tests.LoginTests" name="testLogin" time="10.872"/>
  <testcase classname="tests.LoginTests" name="testLogin" time="9.896"/>
  <testcase classname="tests.LoginTests" name="testLogin" time="9.990"/>
</testsuite> <!-- tests.LoginTests -->
