<?xml version="1.0" encoding="UTF-8"?>
<!-- Generated by org.testng.reporters.JUnitReportReporter -->
<testsuite hostname="Shazas-MacBook-Air.local" failures="0" tests="3" name="tests.RegistrationTests" time="19.659" errors="0" timestamp="2026-04-30T11:09:39 EEST" skipped="0">
  <testcase classname="tests.RegistrationTests" name="registrationTest" time="7.711"/>
  <testcase classname="tests.RegistrationTests" name="registrationTest" time="7.682"/>
  <testcase classname="tests.RegistrationTests" name="registrationTest" time="4.266"/>
</testsuite> <!-- tests.RegistrationTests -->
