<?xml version="1.0" encoding="UTF-8"?>
<!-- Generated by org.testng.reporters.JUnitReportReporter -->
<testsuite hostname="Shazas-MacBook-Air.local" failures="0" tests="3" name="tests.SearchTests" time="29.525" errors="0" timestamp="2026-05-01T05:33:35 EEST" skipped="0">
  <testcase classname="tests.SearchTests" name="searchTest" time="10.189"/>
  <testcase classname="tests.SearchTests" name="searchTest" time="6.732"/>
  <testcase classname="tests.SearchTests" name="searchInSubcategoriesTest" time="12.604"/>
</testsuite> <!-- tests.SearchTests -->
